<?xml version="1.0" encoding="UTF-8"?>
<!-- Generated by org.testng.reporters.JUnitReportReporter -->
<testsuite hostname="PGFY819" name="com.tsrtc.registration.testscripts.RegistrationTest" tests="2" failures="0" timestamp="31 Jul 2018 08:52:01 GMT" time="4.686" errors="0">
  <testcase name="registrationTest" time="2.641" classname="com.tsrtc.registration.testscripts.RegistrationTest"/>
  <testcase name="registrationTest" time="2.045" classname="com.tsrtc.registration.testscripts.RegistrationTest"/>
</testsuite> <!-- com.tsrtc.registration.testscripts.RegistrationTest -->
